<?xml version="1.0" encoding="UTF-8"?>
<testsuite xmlns:xsi="http://www.w3.org/2001/XMLSchema-instance" xsi:noNamespaceSchemaLocation="https://maven.apache.org/surefire/maven-surefire-plugin/xsd/surefire-test-report.xsd" name="com.example.lockcontrol.LockcontrolApplicationTests" time="4.731" tests="1" errors="0" skipped="0" failures="0">
  <properties>
    <property name="sun.desktop" value="windows"/>
    <property name="awt.toolkit" value="sun.awt.windows.WToolkit"/>
    <property name="file.encoding.pkg" value="sun.io"/>
    <property name="java.specification.version" value="1.8"/>
    <property name="sun.cpu.isalist" value="amd64"/>
    <property name="sun.jnu.encoding" value="GBK"/>
    <property name="java.class.path" value="G:\space\lockcontrol\target\test-classes;G:\space\lockcontrol\target\classes;G:\maven-repo\org\springframework\boot\spring-boot-starter\2.6.7\spring-boot-starter-2.6.7.jar;G:\maven-repo\org\springframework\boot\spring-boot\2.6.7\spring-boot-2.6.7.jar;G:\maven-repo\org\springframework\spring-context\5.3.19\spring-context-5.3.19.jar;G:\maven-repo\org\springframework\boot\spring-boot-autoconfigure\2.6.7\spring-boot-autoconfigure-2.6.7.jar;G:\maven-repo\org\springframework\boot\spring-boot-starter-logging\2.6.7\spring-boot-starter-logging-2.6.7.jar;G:\maven-repo\ch\qos\logback\logback-classic\1.2.11\logback-classic-1.2.11.jar;G:\maven-repo\ch\qos\logback\logback-core\1.2.11\logback-core-1.2.11.jar;G:\maven-repo\org\apache\logging\log4j\log4j-to-slf4j\2.17.2\log4j-to-slf4j-2.17.2.jar;G:\maven-repo\org\apache\logging\log4j\log4j-api\2.17.2\log4j-api-2.17.2.jar;G:\maven-repo\org\slf4j\jul-to-slf4j\1.7.36\jul-to-slf4j-1.7.36.jar;G:\maven-repo\jakarta\annotation\jakarta.annotation-api\1.3.5\jakarta.annotation-api-1.3.5.jar;G:\maven-repo\org\springframework\spring-core\5.3.19\spring-core-5.3.19.jar;G:\maven-repo\org\springframework\spring-jcl\5.3.19\spring-jcl-5.3.19.jar;G:\maven-repo\org\yaml\snakeyaml\1.29\snakeyaml-1.29.jar;G:\maven-repo\org\springframework\boot\spring-boot-starter-test\2.6.7\spring-boot-starter-test-2.6.7.jar;G:\maven-repo\org\springframework\boot\spring-boot-test\2.6.7\spring-boot-test-2.6.7.jar;G:\maven-repo\org\springframework\boot\spring-boot-test-autoconfigure\2.6.7\spring-boot-test-autoconfigure-2.6.7.jar;G:\maven-repo\com\jayway\jsonpath\json-path\2.6.0\json-path-2.6.0.jar;G:\maven-repo\net\minidev\json-smart\2.4.8\json-smart-2.4.8.jar;G:\maven-repo\net\minidev\accessors-smart\2.4.8\accessors-smart-2.4.8.jar;G:\maven-repo\org\ow2\asm\asm\9.1\asm-9.1.jar;G:\maven-repo\jakarta\xml\bind\jakarta.xml.bind-api\2.3.3\jakarta.xml.bind-api-2.3.3.jar;G:\maven-repo\jakarta\activation\jakarta.activation-api\1.2.2\jakarta.activation-api-1.2.2.jar;G:\maven-repo\org\assertj\assertj-core\3.21.0\assertj-core-3.21.0.jar;G:\maven-repo\org\hamcrest\hamcrest\2.2\hamcrest-2.2.jar;G:\maven-repo\org\junit\jupiter\junit-jupiter\5.8.2\junit-jupiter-5.8.2.jar;G:\maven-repo\org\junit\jupiter\junit-jupiter-api\5.8.2\junit-jupiter-api-5.8.2.jar;G:\maven-repo\org\opentest4j\opentest4j\1.2.0\opentest4j-1.2.0.jar;G:\maven-repo\org\junit\platform\junit-platform-commons\1.8.2\junit-platform-commons-1.8.2.jar;G:\maven-repo\org\apiguardian\apiguardian-api\1.1.2\apiguardian-api-1.1.2.jar;G:\maven-repo\org\junit\jupiter\junit-jupiter-params\5.8.2\junit-jupiter-params-5.8.2.jar;G:\maven-repo\org\junit\jupiter\junit-jupiter-engine\5.8.2\junit-jupiter-engine-5.8.2.jar;G:\maven-repo\org\junit\platform\junit-platform-engine\1.8.2\junit-platform-engine-1.8.2.jar;G:\maven-repo\org\mockito\mockito-core\4.0.0\mockito-core-4.0.0.jar;G:\maven-repo\net\bytebuddy\byte-buddy\1.11.22\byte-buddy-1.11.22.jar;G:\maven-repo\net\bytebuddy\byte-buddy-agent\1.11.22\byte-buddy-agent-1.11.22.jar;G:\maven-repo\org\objenesis\objenesis\3.2\objenesis-3.2.jar;G:\maven-repo\org\mockito\mockito-junit-jupiter\4.0.0\mockito-junit-jupiter-4.0.0.jar;G:\maven-repo\org\skyscreamer\jsonassert\1.5.0\jsonassert-1.5.0.jar;G:\maven-repo\com\vaadin\external\google\android-json\0.0.20131108.vaadin1\android-json-0.0.20131108.vaadin1.jar;G:\maven-repo\org\xmlunit\xmlunit-core\2.8.4\xmlunit-core-2.8.4.jar;G:\maven-repo\org\springframework\boot\spring-boot-starter-web\2.6.7\spring-boot-starter-web-2.6.7.jar;G:\maven-repo\org\springframework\boot\spring-boot-starter-json\2.6.7\spring-boot-starter-json-2.6.7.jar;G:\maven-repo\com\fasterxml\jackson\datatype\jackson-datatype-jdk8\2.13.2\jackson-datatype-jdk8-2.13.2.jar;G:\maven-repo\com\fasterxml\jackson\datatype\jackson-datatype-jsr310\2.13.2\jackson-datatype-jsr310-2.13.2.jar;G:\maven-repo\com\fasterxml\jackson\module\jackson-module-parameter-names\2.13.2\jackson-module-parameter-names-2.13.2.jar;G:\maven-repo\org\springframework\boot\spring-boot-starter-tomcat\2.6.7\spring-boot-starter-tomcat-2.6.7.jar;G:\maven-repo\org\apache\tomcat\embed\tomcat-embed-core\9.0.62\tomcat-embed-core-9.0.62.jar;G:\maven-repo\org\apache\tomcat\embed\tomcat-embed-el\9.0.62\tomcat-embed-el-9.0.62.jar;G:\maven-repo\org\apache\tomcat\embed\tomcat-embed-websocket\9.0.62\tomcat-embed-websocket-9.0.62.jar;G:\maven-repo\org\springframework\spring-web\5.3.19\spring-web-5.3.19.jar;G:\maven-repo\org\springframework\spring-beans\5.3.19\spring-beans-5.3.19.jar;G:\maven-repo\org\springframework\spring-webmvc\5.3.19\spring-webmvc-5.3.19.jar;G:\maven-repo\org\springframework\spring-aop\5.3.19\spring-aop-5.3.19.jar;G:\maven-repo\org\springframework\spring-expression\5.3.19\spring-expression-5.3.19.jar;G:\maven-repo\org\springframework\boot\spring-boot-starter-data-jdbc\2.6.7\spring-boot-starter-data-jdbc-2.6.7.jar;G:\maven-repo\org\springframework\boot\spring-boot-starter-jdbc\2.6.7\spring-boot-starter-jdbc-2.6.7.jar;G:\maven-repo\com\zaxxer\HikariCP\4.0.3\HikariCP-4.0.3.jar;G:\maven-repo\org\springframework\spring-jdbc\5.3.19\spring-jdbc-5.3.19.jar;G:\maven-repo\org\springframework\data\spring-data-jdbc\2.3.4\spring-data-jdbc-2.3.4.jar;G:\maven-repo\org\springframework\data\spring-data-relational\2.3.4\spring-data-relational-2.3.4.jar;G:\maven-repo\org\springframework\data\spring-data-commons\2.6.4\spring-data-commons-2.6.4.jar;G:\maven-repo\org\springframework\spring-tx\5.3.19\spring-tx-5.3.19.jar;G:\maven-repo\mysql\mysql-connector-java\8.0.28\mysql-connector-java-8.0.28.jar;G:\maven-repo\com\alibaba\druid-spring-boot-starter\1.1.17\druid-spring-boot-starter-1.1.17.jar;G:\maven-repo\com\alibaba\druid\1.1.17\druid-1.1.17.jar;G:\maven-repo\org\slf4j\slf4j-api\1.7.36\slf4j-api-1.7.36.jar;G:\maven-repo\org\mybatis\spring\boot\mybatis-spring-boot-starter\2.1.4\mybatis-spring-boot-starter-2.1.4.jar;G:\maven-repo\org\mybatis\spring\boot\mybatis-spring-boot-autoconfigure\2.1.4\mybatis-spring-boot-autoconfigure-2.1.4.jar;G:\maven-repo\org\mybatis\mybatis\3.5.6\mybatis-3.5.6.jar;G:\maven-repo\org\mybatis\mybatis-spring\2.0.6\mybatis-spring-2.0.6.jar;G:\maven-repo\org\projectlombok\lombok\1.18.24\lombok-1.18.24.jar;G:\maven-repo\org\springframework\boot\spring-boot-starter-thymeleaf\2.6.7\spring-boot-starter-thymeleaf-2.6.7.jar;G:\maven-repo\org\thymeleaf\thymeleaf-spring5\3.0.15.RELEASE\thymeleaf-spring5-3.0.15.RELEASE.jar;G:\maven-repo\org\thymeleaf\thymeleaf\3.0.15.RELEASE\thymeleaf-3.0.15.RELEASE.jar;G:\maven-repo\org\attoparser\attoparser\2.0.5.RELEASE\attoparser-2.0.5.RELEASE.jar;G:\maven-repo\org\unbescape\unbescape\1.1.6.RELEASE\unbescape-1.1.6.RELEASE.jar;G:\maven-repo\org\thymeleaf\extras\thymeleaf-extras-java8time\3.0.4.RELEASE\thymeleaf-extras-java8time-3.0.4.RELEASE.jar;G:\maven-repo\org\webjars\jquery\3.5.1\jquery-3.5.1.jar;G:\maven-repo\com\qcloud\cos_api\5.6.54\cos_api-5.6.54.jar;G:\maven-repo\org\apache\httpcomponents\httpclient\4.5.13\httpclient-4.5.13.jar;G:\maven-repo\org\apache\httpcomponents\httpcore\4.4.15\httpcore-4.4.15.jar;G:\maven-repo\commons-codec\commons-codec\1.15\commons-codec-1.15.jar;G:\maven-repo\joda-time\joda-time\2.9.9\joda-time-2.9.9.jar;G:\maven-repo\com\fasterxml\jackson\core\jackson-databind\2.13.2.1\jackson-databind-2.13.2.1.jar;G:\maven-repo\com\fasterxml\jackson\core\jackson-annotations\2.13.2\jackson-annotations-2.13.2.jar;G:\maven-repo\com\fasterxml\jackson\core\jackson-core\2.13.2\jackson-core-2.13.2.jar;G:\maven-repo\com\tencentcloudapi\tencentcloud-sdk-java-kms\3.1.213\tencentcloud-sdk-java-kms-3.1.213.jar;G:\maven-repo\com\tencentcloudapi\tencentcloud-sdk-java-common\3.1.213\tencentcloud-sdk-java-common-3.1.213.jar;G:\maven-repo\commons-logging\commons-logging\1.2\commons-logging-1.2.jar;G:\maven-repo\com\squareup\okhttp\logging-interceptor\2.7.5\logging-interceptor-2.7.5.jar;G:\maven-repo\com\squareup\okhttp\okhttp\2.7.5\okhttp-2.7.5.jar;G:\maven-repo\com\squareup\okio\okio\1.12.0\okio-1.12.0.jar;G:\maven-repo\javax\xml\bind\jaxb-api\2.3.1\jaxb-api-2.3.1.jar;G:\maven-repo\javax\activation\javax.activation-api\1.2.0\javax.activation-api-1.2.0.jar;G:\maven-repo\org\bouncycastle\bcprov-jdk15on\1.64\bcprov-jdk15on-1.64.jar;G:\maven-repo\org\springframework\spring-test\5.3.21\spring-test-5.3.21.jar;G:\maven-repo\junit\junit\4.13.2\junit-4.13.2.jar;G:\maven-repo\org\hamcrest\hamcrest-core\2.2\hamcrest-core-2.2.jar;G:\maven-repo\com\aliyun\oss\aliyun-sdk-oss\3.10.2\aliyun-sdk-oss-3.10.2.jar;G:\maven-repo\org\jdom\jdom2\2.0.6.1\jdom2-2.0.6.1.jar;G:\maven-repo\org\codehaus\jettison\jettison\1.1\jettison-1.1.jar;G:\maven-repo\stax\stax-api\1.0.1\stax-api-1.0.1.jar;G:\maven-repo\com\aliyun\aliyun-java-sdk-core\3.4.0\aliyun-java-sdk-core-3.4.0.jar;G:\maven-repo\com\aliyun\aliyun-java-sdk-ram\3.0.0\aliyun-java-sdk-ram-3.0.0.jar;G:\maven-repo\com\aliyun\aliyun-java-sdk-sts\3.0.0\aliyun-java-sdk-sts-3.0.0.jar;G:\maven-repo\com\aliyun\aliyun-java-sdk-ecs\4.2.0\aliyun-java-sdk-ecs-4.2.0.jar;G:\maven-repo\com\aliyun\aliyun-java-sdk-kms\2.7.0\aliyun-java-sdk-kms-2.7.0.jar;G:\maven-repo\com\google\code\gson\gson\2.8.9\gson-2.8.9.jar;"/>
    <property name="java.vm.vendor" value="Oracle Corporation"/>
    <property name="sun.arch.data.model" value="64"/>
    <property name="user.variant" value=""/>
    <property name="java.vendor.url" value="http://java.oracle.com/"/>
    <property name="user.timezone" value="Asia/Shanghai"/>
    <property name="java.vm.specification.version" value="1.8"/>
    <property name="os.name" value="Windows 10"/>
    <property name="user.country" value="CN"/>
    <property name="sun.java.launcher" value="SUN_STANDARD"/>
    <property name="sun.boot.library.path" value="G:\java\jdk\jre\bin"/>
    <property name="sun.java.command" value="C:\Users\23178\AppData\Local\Temp\surefire2053471136886924900\surefirebooter1019660968085577488.jar C:\Users\23178\AppData\Local\Temp\surefire2053471136886924900 2022-06-24T19-34-36_690-jvmRun1 surefire4401627279711022918tmp surefire_04191991015680133424tmp"/>
    <property name="surefire.test.class.path" value="G:\space\lockcontrol\target\test-classes;G:\space\lockcontrol\target\classes;G:\maven-repo\org\springframework\boot\spring-boot-starter\2.6.7\spring-boot-starter-2.6.7.jar;G:\maven-repo\org\springframework\boot\spring-boot\2.6.7\spring-boot-2.6.7.jar;G:\maven-repo\org\springframework\spring-context\5.3.19\spring-context-5.3.19.jar;G:\maven-repo\org\springframework\boot\spring-boot-autoconfigure\2.6.7\spring-boot-autoconfigure-2.6.7.jar;G:\maven-repo\org\springframework\boot\spring-boot-starter-logging\2.6.7\spring-boot-starter-logging-2.6.7.jar;G:\maven-repo\ch\qos\logback\logback-classic\1.2.11\logback-classic-1.2.11.jar;G:\maven-repo\ch\qos\logback\logback-core\1.2.11\logback-core-1.2.11.jar;G:\maven-repo\org\apache\logging\log4j\log4j-to-slf4j\2.17.2\log4j-to-slf4j-2.17.2.jar;G:\maven-repo\org\apache\logging\log4j\log4j-api\2.17.2\log4j-api-2.17.2.jar;G:\maven-repo\org\slf4j\jul-to-slf4j\1.7.36\jul-to-slf4j-1.7.36.jar;G:\maven-repo\jakarta\annotation\jakarta.annotation-api\1.3.5\jakarta.annotation-api-1.3.5.jar;G:\maven-repo\org\springframework\spring-core\5.3.19\spring-core-5.3.19.jar;G:\maven-repo\org\springframework\spring-jcl\5.3.19\spring-jcl-5.3.19.jar;G:\maven-repo\org\yaml\snakeyaml\1.29\snakeyaml-1.29.jar;G:\maven-repo\org\springframework\boot\spring-boot-starter-test\2.6.7\spring-boot-starter-test-2.6.7.jar;G:\maven-repo\org\springframework\boot\spring-boot-test\2.6.7\spring-boot-test-2.6.7.jar;G:\maven-repo\org\springframework\boot\spring-boot-test-autoconfigure\2.6.7\spring-boot-test-autoconfigure-2.6.7.jar;G:\maven-repo\com\jayway\jsonpath\json-path\2.6.0\json-path-2.6.0.jar;G:\maven-repo\net\minidev\json-smart\2.4.8\json-smart-2.4.8.jar;G:\maven-repo\net\minidev\accessors-smart\2.4.8\accessors-smart-2.4.8.jar;G:\maven-repo\org\ow2\asm\asm\9.1\asm-9.1.jar;G:\maven-repo\jakarta\xml\bind\jakarta.xml.bind-api\2.3.3\jakarta.xml.bind-api-2.3.3.jar;G:\maven-repo\jakarta\activation\jakarta.activation-api\1.2.2\jakarta.activation-api-1.2.2.jar;G:\maven-repo\org\assertj\assertj-core\3.21.0\assertj-core-3.21.0.jar;G:\maven-repo\org\hamcrest\hamcrest\2.2\hamcrest-2.2.jar;G:\maven-repo\org\junit\jupiter\junit-jupiter\5.8.2\junit-jupiter-5.8.2.jar;G:\maven-repo\org\junit\jupiter\junit-jupiter-api\5.8.2\junit-jupiter-api-5.8.2.jar;G:\maven-repo\org\opentest4j\opentest4j\1.2.0\opentest4j-1.2.0.jar;G:\maven-repo\org\junit\platform\junit-platform-commons\1.8.2\junit-platform-commons-1.8.2.jar;G:\maven-repo\org\apiguardian\apiguardian-api\1.1.2\apiguardian-api-1.1.2.jar;G:\maven-repo\org\junit\jupiter\junit-jupiter-params\5.8.2\junit-jupiter-params-5.8.2.jar;G:\maven-repo\org\junit\jupiter\junit-jupiter-engine\5.8.2\junit-jupiter-engine-5.8.2.jar;G:\maven-repo\org\junit\platform\junit-platform-engine\1.8.2\junit-platform-engine-1.8.2.jar;G:\maven-repo\org\mockito\mockito-core\4.0.0\mockito-core-4.0.0.jar;G:\maven-repo\net\bytebuddy\byte-buddy\1.11.22\byte-buddy-1.11.22.jar;G:\maven-repo\net\bytebuddy\byte-buddy-agent\1.11.22\byte-buddy-agent-1.11.22.jar;G:\maven-repo\org\objenesis\objenesis\3.2\objenesis-3.2.jar;G:\maven-repo\org\mockito\mockito-junit-jupiter\4.0.0\mockito-junit-jupiter-4.0.0.jar;G:\maven-repo\org\skyscreamer\jsonassert\1.5.0\jsonassert-1.5.0.jar;G:\maven-repo\com\vaadin\external\google\android-json\0.0.20131108.vaadin1\android-json-0.0.20131108.vaadin1.jar;G:\maven-repo\org\xmlunit\xmlunit-core\2.8.4\xmlunit-core-2.8.4.jar;G:\maven-repo\org\springframework\boot\spring-boot-starter-web\2.6.7\spring-boot-starter-web-2.6.7.jar;G:\maven-repo\org\springframework\boot\spring-boot-starter-json\2.6.7\spring-boot-starter-json-2.6.7.jar;G:\maven-repo\com\fasterxml\jackson\datatype\jackson-datatype-jdk8\2.13.2\jackson-datatype-jdk8-2.13.2.jar;G:\maven-repo\com\fasterxml\jackson\datatype\jackson-datatype-jsr310\2.13.2\jackson-datatype-jsr310-2.13.2.jar;G:\maven-repo\com\fasterxml\jackson\module\jackson-module-parameter-names\2.13.2\jackson-module-parameter-names-2.13.2.jar;G:\maven-repo\org\springframework\boot\spring-boot-starter-tomcat\2.6.7\spring-boot-starter-tomcat-2.6.7.jar;G:\maven-repo\org\apache\tomcat\embed\tomcat-embed-core\9.0.62\tomcat-embed-core-9.0.62.jar;G:\maven-repo\org\apache\tomcat\embed\tomcat-embed-el\9.0.62\tomcat-embed-el-9.0.62.jar;G:\maven-repo\org\apache\tomcat\embed\tomcat-embed-websocket\9.0.62\tomcat-embed-websocket-9.0.62.jar;G:\maven-repo\org\springframework\spring-web\5.3.19\spring-web-5.3.19.jar;G:\maven-repo\org\springframework\spring-beans\5.3.19\spring-beans-5.3.19.jar;G:\maven-repo\org\springframework\spring-webmvc\5.3.19\spring-webmvc-5.3.19.jar;G:\maven-repo\org\springframework\spring-aop\5.3.19\spring-aop-5.3.19.jar;G:\maven-repo\org\springframework\spring-expression\5.3.19\spring-expression-5.3.19.jar;G:\maven-repo\org\springframework\boot\spring-boot-starter-data-jdbc\2.6.7\spring-boot-starter-data-jdbc-2.6.7.jar;G:\maven-repo\org\springframework\boot\spring-boot-starter-jdbc\2.6.7\spring-boot-starter-jdbc-2.6.7.jar;G:\maven-repo\com\zaxxer\HikariCP\4.0.3\HikariCP-4.0.3.jar;G:\maven-repo\org\springframework\spring-jdbc\5.3.19\spring-jdbc-5.3.19.jar;G:\maven-repo\org\springframework\data\spring-data-jdbc\2.3.4\spring-data-jdbc-2.3.4.jar;G:\maven-repo\org\springframework\data\spring-data-relational\2.3.4\spring-data-relational-2.3.4.jar;G:\maven-repo\org\springframework\data\spring-data-commons\2.6.4\spring-data-commons-2.6.4.jar;G:\maven-repo\org\springframework\spring-tx\5.3.19\spring-tx-5.3.19.jar;G:\maven-repo\mysql\mysql-connector-java\8.0.28\mysql-connector-java-8.0.28.jar;G:\maven-repo\com\alibaba\druid-spring-boot-starter\1.1.17\druid-spring-boot-starter-1.1.17.jar;G:\maven-repo\com\alibaba\druid\1.1.17\druid-1.1.17.jar;G:\maven-repo\org\slf4j\slf4j-api\1.7.36\slf4j-api-1.7.36.jar;G:\maven-repo\org\mybatis\spring\boot\mybatis-spring-boot-starter\2.1.4\mybatis-spring-boot-starter-2.1.4.jar;G:\maven-repo\org\mybatis\spring\boot\mybatis-spring-boot-autoconfigure\2.1.4\mybatis-spring-boot-autoconfigure-2.1.4.jar;G:\maven-repo\org\mybatis\mybatis\3.5.6\mybatis-3.5.6.jar;G:\maven-repo\org\mybatis\mybatis-spring\2.0.6\mybatis-spring-2.0.6.jar;G:\maven-repo\org\projectlombok\lombok\1.18.24\lombok-1.18.24.jar;G:\maven-repo\org\springframework\boot\spring-boot-starter-thymeleaf\2.6.7\spring-boot-starter-thymeleaf-2.6.7.jar;G:\maven-repo\org\thymeleaf\thymeleaf-spring5\3.0.15.RELEASE\thymeleaf-spring5-3.0.15.RELEASE.jar;G:\maven-repo\org\thymeleaf\thymeleaf\3.0.15.RELEASE\thymeleaf-3.0.15.RELEASE.jar;G:\maven-repo\org\attoparser\attoparser\2.0.5.RELEASE\attoparser-2.0.5.RELEASE.jar;G:\maven-repo\org\unbescape\unbescape\1.1.6.RELEASE\unbescape-1.1.6.RELEASE.jar;G:\maven-repo\org\thymeleaf\extras\thymeleaf-extras-java8time\3.0.4.RELEASE\thymeleaf-extras-java8time-3.0.4.RELEASE.jar;G:\maven-repo\org\webjars\jquery\3.5.1\jquery-3.5.1.jar;G:\maven-repo\com\qcloud\cos_api\5.6.54\cos_api-5.6.54.jar;G:\maven-repo\org\apache\httpcomponents\httpclient\4.5.13\httpclient-4.5.13.jar;G:\maven-repo\org\apache\httpcomponents\httpcore\4.4.15\httpcore-4.4.15.jar;G:\maven-repo\commons-codec\commons-codec\1.15\commons-codec-1.15.jar;G:\maven-repo\joda-time\joda-time\2.9.9\joda-time-2.9.9.jar;G:\maven-repo\com\fasterxml\jackson\core\jackson-databind\2.13.2.1\jackson-databind-2.13.2.1.jar;G:\maven-repo\com\fasterxml\jackson\core\jackson-annotations\2.13.2\jackson-annotations-2.13.2.jar;G:\maven-repo\com\fasterxml\jackson\core\jackson-core\2.13.2\jackson-core-2.13.2.jar;G:\maven-repo\com\tencentcloudapi\tencentcloud-sdk-java-kms\3.1.213\tencentcloud-sdk-java-kms-3.1.213.jar;G:\maven-repo\com\tencentcloudapi\tencentcloud-sdk-java-common\3.1.213\tencentcloud-sdk-java-common-3.1.213.jar;G:\maven-repo\commons-logging\commons-logging\1.2\commons-logging-1.2.jar;G:\maven-repo\com\squareup\okhttp\logging-interceptor\2.7.5\logging-interceptor-2.7.5.jar;G:\maven-repo\com\squareup\okhttp\okhttp\2.7.5\okhttp-2.7.5.jar;G:\maven-repo\com\squareup\okio\okio\1.12.0\okio-1.12.0.jar;G:\maven-repo\javax\xml\bind\jaxb-api\2.3.1\jaxb-api-2.3.1.jar;G:\maven-repo\javax\activation\javax.activation-api\1.2.0\javax.activation-api-1.2.0.jar;G:\maven-repo\org\bouncycastle\bcprov-jdk15on\1.64\bcprov-jdk15on-1.64.jar;G:\maven-repo\org\springframework\spring-test\5.3.21\spring-test-5.3.21.jar;G:\maven-repo\junit\junit\4.13.2\junit-4.13.2.jar;G:\maven-repo\org\hamcrest\hamcrest-core\2.2\hamcrest-core-2.2.jar;G:\maven-repo\com\aliyun\oss\aliyun-sdk-oss\3.10.2\aliyun-sdk-oss-3.10.2.jar;G:\maven-repo\org\jdom\jdom2\2.0.6.1\jdom2-2.0.6.1.jar;G:\maven-repo\org\codehaus\jettison\jettison\1.1\jettison-1.1.jar;G:\maven-repo\stax\stax-api\1.0.1\stax-api-1.0.1.jar;G:\maven-repo\com\aliyun\aliyun-java-sdk-core\3.4.0\aliyun-java-sdk-core-3.4.0.jar;G:\maven-repo\com\aliyun\aliyun-java-sdk-ram\3.0.0\aliyun-java-sdk-ram-3.0.0.jar;G:\maven-repo\com\aliyun\aliyun-java-sdk-sts\3.0.0\aliyun-java-sdk-sts-3.0.0.jar;G:\maven-repo\com\aliyun\aliyun-java-sdk-ecs\4.2.0\aliyun-java-sdk-ecs-4.2.0.jar;G:\maven-repo\com\aliyun\aliyun-java-sdk-kms\2.7.0\aliyun-java-sdk-kms-2.7.0.jar;G:\maven-repo\com\google\code\gson\gson\2.8.9\gson-2.8.9.jar;"/>
    <property name="sun.cpu.endian" value="little"/>
    <property name="user.home" value="C:\Users\23178"/>
    <property name="user.language" value="zh"/>
    <property name="java.specification.vendor" value="Oracle Corporation"/>
    <property name="java.home" value="G:\java\jdk\jre"/>
    <property name="basedir" value="G:\space\lockcontrol"/>
    <property name="file.separator" value="\"/>
    <property name="line.separator" value="&#10;"/>
    <property name="java.vm.specification.vendor" value="Oracle Corporation"/>
    <property name="java.specification.name" value="Java Platform API Specification"/>
    <property name="java.awt.graphicsenv" value="sun.awt.Win32GraphicsEnvironment"/>
    <property name="surefire.real.class.path" value="C:\Users\23178\AppData\Local\Temp\surefire2053471136886924900\surefirebooter1019660968085577488.jar"/>
    <property name="sun.boot.class.path" value="G:\java\jdk\jre\lib\resources.jar;G:\java\jdk\jre\lib\rt.jar;G:\java\jdk\jre\lib\sunrsasign.jar;G:\java\jdk\jre\lib\jsse.jar;G:\java\jdk\jre\lib\jce.jar;G:\java\jdk\jre\lib\charsets.jar;G:\java\jdk\jre\lib\jfr.jar;G:\java\jdk\jre\classes"/>
    <property name="user.script" value=""/>
    <property name="sun.management.compiler" value="HotSpot 64-Bit Tiered Compilers"/>
    <property name="java.runtime.version" value="1.8.0_131-b11"/>
    <property name="user.name" value="23178"/>
    <property name="path.separator" value=";"/>
    <property name="os.version" value="10.0"/>
    <property name="java.endorsed.dirs" value="G:\java\jdk\jre\lib\endorsed"/>
    <property name="java.runtime.name" value="Java(TM) SE Runtime Environment"/>
    <property name="file.encoding" value="GBK"/>
    <property name="java.vm.name" value="Java HotSpot(TM) 64-Bit Server VM"/>
    <property name="localRepository" value="G:\maven-repo"/>
    <property name="java.vendor.url.bug" value="http://bugreport.sun.com/bugreport/"/>
    <property name="java.io.tmpdir" value="C:\Users\23178\AppData\Local\Temp\"/>
    <property name="idea.version" value="2022.1"/>
    <property name="java.version" value="1.8.0_131"/>
    <property name="user.dir" value="G:\space\lockcontrol"/>
    <property name="os.arch" value="amd64"/>
    <property name="java.vm.specification.name" value="Java Virtual Machine Specification"/>
    <property name="java.awt.printerjob" value="sun.awt.windows.WPrinterJob"/>
    <property name="sun.os.patch.level" value=""/>
    <property name="java.library.path" value="G:\java\jdk\jre\bin;C:\WINDOWS\Sun\Java\bin;C:\WINDOWS\system32;C:\WINDOWS;C:\ProgramData\Oracle\Java\javapath;G:\java\java\bin;G:\java\jdk\bin;C:\Windows\system32;C:\Windows;C:\Windows\System32\Wbem;C:\Windows\System32\WindowsPowerShell\v1.0\;C:\Program Files\Pragma\Clients;C:\Windows\System32\OpenSSH\;C:\Program Files (x86)\NVIDIA Corporation\PhysX\Common;C:\Program Files\NVIDIA Corporation\NVIDIA NvDLISR;C:\Program Files\Microsoft SQL Server\130\Tools\Binn\;C:\Program Files (x86)\Windows Kits\8.1\Windows Performance Toolkit\;C:\Program Files\Microsoft SQL Server\110\Tools\Binn\;G:\java\java\bin;G:\java\java\jre\bin;C:\WINDOWS\system32;C:\WINDOWS;C:\WINDOWS\System32\Wbem;C:\WINDOWS\System32\WindowsPowerShell\v1.0\;C:\Program Files\Pragma\Clients;C:\WINDOWS\System32\OpenSSH\;G:\xshell\Xmanager 7\;G:\xshell\Xshell 7\;G:\xshell\Xftp 7\;G:\xshell\Xlpd 7\;G:\MySQL server 5.5\bin;C:\Program Files (x86)\dotnet\;G:\java\maven\apache-maven-3.8.5\bin;G:\java\git\Git\cmd;C:\Program Files\dotnet\;G:\python\python\Scripts\;G:\python\python\;C:\Users\23178\AppData\Local\Microsoft\WindowsApps;;G:\python\pycharm\PyCharm 2021.1.1\bin;;G:\Microsoft VS Code\bin;D:\SSH;."/>
    <property name="java.vm.info" value="mixed mode"/>
    <property name="java.vendor" value="Oracle Corporation"/>
    <property name="java.vm.version" value="25.131-b11"/>
    <property name="java.ext.dirs" value="G:\java\jdk\jre\lib\ext;C:\WINDOWS\Sun\Java\lib\ext"/>
    <property name="sun.io.unicode.encoding" value="UnicodeLittle"/>
    <property name="java.class.version" value="52.0"/>
  </properties>
  <testcase name="contextLoads" classname="com.example.lockcontrol.LockcontrolApplicationTests" time="0.224"/>
</testsuite>